<?xml version="1.0" encoding="UTF-8"?>
<!-- Generated by org.testng.reporters.JUnitReportReporter -->
<testsuite ignored="0" hostname="DESKTOP-D19PJLM" failures="0" tests="3" name="gordTwoTh.CIMS2_Test" time="0.010" errors="0" timestamp="17 8月 2021 09:22:56 GMT" skipped="0">
  <testcase classname="gordTwoTh.CIMS2_Test" name="aSlowTest" time="0.001"/>
  <testcase classname="gordTwoTh.CIMS2_Test" name="aFastTest" time="0.008"/>
  <testcase classname="gordTwoTh.CIMS2_Test" name="setUpTest" time="0.001"/>
</testsuite> <!-- gordTwoTh.CIMS2_Test -->
