<?xml version="1.0" encoding="UTF-8"?>
<testng-results ignored="0" total="1" passed="1" failed="0" skipped="0">
  <reporter-output>
  </reporter-output>
  <suite started-at="2021-07-08T10:28:53Z" name="Default suite" finished-at="2021-07-08T10:28:53Z" duration-ms="18">
    <groups>
    </groups>
    <test started-at="2021-07-08T10:28:53Z" name="Default test" finished-at="2021-07-08T10:28:53Z" duration-ms="18">
      <class name="gordTwoTh.CIMS2_Test">
        <test-method signature="setUpTest()[pri:0, instance:gordTwoTh.CIMS2_Test@428640fa]" started-at="2021-07-08T18:28:53Z" name="setUpTest" finished-at="2021-07-08T18:28:53Z" duration-ms="6" status="PASS">
          <reporter-output>
          </reporter-output>
        </test-method> <!-- setUpTest -->
      </class> <!-- gordTwoTh.CIMS2_Test -->
    </test> <!-- Default test -->
  </suite> <!-- Default suite -->
</testng-results>
